

Version:	3.9
CmdLine:	C:\Users\Administrador\Documents\NetBeansProjects\Check\Check.exe --l4j-debug
WOW64:		yes
Working dir:	C:\Users\Administrador\Documents\NetBeansProjects\Check\.
64-bit search:	SOFTWARE\JavaSoft\Java Runtime Environment...
Check:		SOFTWARE\JavaSoft\Java Runtime Environment\1.8
Check launcher:	C:\Program Files\Java\jre1.8.0_361\bin\javaw.exe (OK)
Match:		1.8
Check:		SOFTWARE\JavaSoft\Java Runtime Environment\1.8.0_361
Check launcher:	C:\Program Files\Java\jre1.8.0_361\bin\javaw.exe (OK)
Match:		1.8.0_361
64-bit search:	SOFTWARE\JavaSoft\Java Development Kit...
Runtime used:	1.8.0_361 (64-bit)
Launcher:	C:\Program Files\Java\jre1.8.0_361\bin\javaw.exe
Launcher args:	-jar "C:\Users\Administrador\Documents\NetBeansProjects\Check\Check.exe"
Args length:	72/32768 chars
Exit code:	0


Version:	3.9
CmdLine:	C:\Users\Administrador\Documents\NetBeansProjects\Check\Check.exe --l4j-debug
WOW64:		yes
Working dir:	C:\Users\Administrador\Documents\NetBeansProjects\Check\.
64-bit search:	SOFTWARE\JavaSoft\Java Runtime Environment...
Check:		SOFTWARE\JavaSoft\Java Runtime Environment\1.8
Check launcher:	C:\Program Files\Java\jre1.8.0_361\bin\javaw.exe (OK)
Match:		1.8
Check:		SOFTWARE\JavaSoft\Java Runtime Environment\1.8.0_361
Check launcher:	C:\Program Files\Java\jre1.8.0_361\bin\javaw.exe (OK)
Match:		1.8.0_361
64-bit search:	SOFTWARE\JavaSoft\Java Development Kit...
Runtime used:	1.8.0_361 (64-bit)
Launcher:	C:\Program Files\Java\jre1.8.0_361\bin\javaw.exe
Launcher args:	-jar "C:\Users\Administrador\Documents\NetBeansProjects\Check\Check.exe"
Args length:	72/32768 chars
Exit code:	0
